<?xml version="1.0" encoding="UTF-8"?>
<!-- Generated by org.testng.reporters.JUnitReportReporter -->
<testsuite skipped="0" hostname="DESKTOP-STJGK76" name="com.webapp.SeleniumTest.AmazonTest" tests="5" failures="0" timestamp="08 Sep 2021 17:21:15 GMT" time="58.163" errors="0">
  <testcase name="testJbkTitle" time="13.875" classname="com.webapp.SeleniumTest.AmazonTest"/>
  <testcase name="testJbkTitleInvalid" time="18.655" classname="com.webapp.SeleniumTest.AmazonTest"/>
  <testcase name="testJbkTitlesubmit" time="4.482" classname="com.webapp.SeleniumTest.AmazonTest"/>
  <testcase name="testJbkTitlescroll" time="10.223" classname="com.webapp.SeleniumTest.AmazonTest"/>
  <testcase name="testJbkTitlecheck" time="10.928" classname="com.webapp.SeleniumTest.AmazonTest"/>
</testsuite> <!-- com.webapp.SeleniumTest.AmazonTest -->
