<?xml version="1.0" encoding="UTF-8"?>
<!-- Generated by org.testng.reporters.JUnitReportReporter -->
<testsuite skipped="0" hostname="DESKTOP-STJGK76" name="com.webapp.SeleniumTest.GoogleTest" tests="1" failures="0" timestamp="08 Sep 2021 17:21:15 GMT" time="5.388" errors="0">
  <testcase name="testJbkTitle" time="5.388" classname="com.webapp.SeleniumTest.GoogleTest"/>
</testsuite> <!-- com.webapp.SeleniumTest.GoogleTest -->
